#
# There is insufficient memory for the Java Runtime Environment to continue.
# Native memory allocation (malloc) failed to allocate 2037296 bytes for Chunk::new
# Possible reasons:
#   The system is out of physical RAM or swap space
#   In 32 bit mode, the process size limit was hit
# Possible solutions:
#   Reduce memory load on the system
#   Increase physical memory or swap space
#   Check if swap backing store is full
#   Use 64 bit Java on a 64 bit OS
#   Decrease Java heap size (-Xmx/-Xms)
#   Decrease number of Java threads
#   Decrease Java thread stack sizes (-Xss)
#   Set larger code cache with -XX:ReservedCodeCacheSize=
# This output file may be truncated or incomplete.
#
#  Out of Memory Error (allocation.cpp:390), pid=6000, tid=10124
#
# JRE version: Java(TM) SE Runtime Environment (8.0_91-b14) (build 1.8.0_91-b14)
# Java VM: Java HotSpot(TM) 64-Bit Server VM (25.91-b14 mixed mode windows-amd64 compressed oops)
# Failed to write core dump. Minidumps are not enabled by default on client versions of Windows
#

---------------  T H R E A D  ---------------

Current thread (0x0000000006cdf800):  JavaThread "C2 CompilerThread0" daemon [_thread_in_native, id=10124, stack(0x0000000008330000,0x0000000008430000)]

Stack: [0x0000000008330000,0x0000000008430000]
[error occurred during error reporting (printing stack bounds), id 0xc0000005]

Native frames: (J=compiled Java code, j=interpreted, Vv=VM code, C=native code)


Current CompileTask:
C2:   6616 2114   !   4       com.bulletphysics.collision.shapes.OptimizedBvh::buildTree (290 bytes)


---------------  P R O C E S S  ---------------

Java Threads: ( => current thread )
  0x000000001ea04800 JavaThread "org.eclipse.jetty.server.session.HashSessionManager@66298fe9Timer" daemon [_thread_blocked, id=196, stack(0x00000000205d0000,0x00000000206d0000)]
  0x000000001ea01800 JavaThread "qtp706631622-23" [_thread_blocked, id=8728, stack(0x00000000204d0000,0x00000000205d0000)]
  0x000000001ea64000 JavaThread "qtp706631622-22" [_thread_blocked, id=6128, stack(0x00000000203d0000,0x00000000204d0000)]
  0x000000001ea63000 JavaThread "qtp706631622-21" [_thread_blocked, id=8960, stack(0x00000000202d0000,0x00000000203d0000)]
  0x000000001e4b9800 JavaThread "qtp706631622-20" [_thread_blocked, id=10232, stack(0x00000000201d0000,0x00000000202d0000)]
  0x000000001e967000 JavaThread "qtp706631622-19" [_thread_blocked, id=3764, stack(0x00000000200d0000,0x00000000201d0000)]
  0x000000001e068800 JavaThread "qtp706631622-18" [_thread_blocked, id=5336, stack(0x000000001ffd0000,0x00000000200d0000)]
  0x000000001e067800 JavaThread "qtp706631622-17" [_thread_blocked, id=5028, stack(0x000000001fed0000,0x000000001ffd0000)]
  0x000000001eadd800 JavaThread "qtp706631622-16" [_thread_blocked, id=740, stack(0x000000001fdd0000,0x000000001fed0000)]
  0x000000000972c000 JavaThread "jME3 Audio Decoder" daemon [_thread_blocked, id=5608, stack(0x000000000e620000,0x000000000e720000)]
  0x00000000092ac000 JavaThread "AWT-Windows" daemon [_thread_in_native, id=8932, stack(0x0000000009b20000,0x0000000009c20000)]
  0x00000000092a8800 JavaThread "Java2D Disposer" daemon [_thread_blocked, id=2696, stack(0x0000000009920000,0x0000000009a20000)]
  0x0000000008660800 JavaThread "Service Thread" daemon [_thread_blocked, id=9848, stack(0x0000000008a30000,0x0000000008b30000)]
  0x0000000006ce5800 JavaThread "C1 CompilerThread2" daemon [_thread_blocked, id=8228, stack(0x0000000008530000,0x0000000008630000)]
  0x0000000006ce2000 JavaThread "C2 CompilerThread1" daemon [_thread_blocked, id=9400, stack(0x0000000008430000,0x0000000008530000)]
=>0x0000000006cdf800 JavaThread "C2 CompilerThread0" daemon [_thread_in_native, id=10124, stack(0x0000000008330000,0x0000000008430000)]
  0x0000000006cde000 JavaThread "Attach Listener" daemon [_thread_blocked, id=8300, stack(0x0000000008230000,0x0000000008330000)]
  0x0000000006cdd000 JavaThread "Signal Dispatcher" daemon [_thread_blocked, id=2680, stack(0x0000000008130000,0x0000000008230000)]
  0x000000000242d000 JavaThread "Finalizer" daemon [_thread_blocked, id=8120, stack(0x0000000007f30000,0x0000000008030000)]
  0x0000000002422000 JavaThread "Reference Handler" daemon [_thread_blocked, id=3092, stack(0x0000000007e30000,0x0000000007f30000)]
  0x0000000002332800 JavaThread "main" [_thread_in_native, id=7072, stack(0x0000000002230000,0x0000000002330000)]

Other Threads:
  0x0000000006ca7000 VMThread [stack: 0x0000000007d30000,0x0000000007e30000] [id=3588]
  0x000000000867f800 WatcherThread [stack: 0x0000000008b30000,0x0000000008c30000] [id=9256]

VM state:not at safepoint (normal execution)

VM Mutex/Monitor currently owned by a thread: None

Heap:
 PSYoungGen      total 112128K, used 20026K [0x00000000e0780000, 0x00000000eea80000, 0x0000000100000000)
  eden space 97280K, 20% used [0x00000000e0780000,0x00000000e1b0e930,0x00000000e6680000)
  from space 14848K, 0% used [0x00000000e6680000,0x00000000e6680000,0x00000000e7500000)
  to   space 18944K, 0% used [0x00000000ed800000,0x00000000ed800000,0x00000000eea80000)
 ParOldGen       total 49152K, used 9629K [0x00000000a1600000, 0x00000000a4600000, 0x00000000e0780000)
  object space 49152K, 19% used [0x00000000a1600000,0x00000000a1f67568,0x00000000a4600000)
 Metaspace       used 21050K, capacity 21299K, committed 21552K, reserved 1069056K
  class space    used 2072K, capacity 2147K, committed 2176K, reserved 1048576K

Card table byte_map: [0x00000000027f0000,0x0000000002af0000] byte_map_base: 0x00000000022e5000

Marking Bits: (ParMarkBitMap*) 0x0000000069762f70
 Begin Bits: [0x00000000030f0000, 0x0000000004898000)
 End Bits:   [0x0000000004898000, 0x0000000006040000)

Polling page: 0x00000000009a0000

CodeCache: size=245760Kb used=8190Kb max_used=8207Kb free=237569Kb
 bounds [0x000000000f010000, 0x000000000f820000, 0x000000001e010000]
 total_blobs=3285 nmethods=2396 adapters=801
 compilation: enabled

Compilation events (10 events):
Event: 6.507 Thread 0x0000000006ce5800 2392       3       com.jme3.renderer.Camera::setPlaneState (6 bytes)
Event: 6.508 Thread 0x0000000006ce5800 nmethod 2392 0x000000000f814010 code [0x000000000f814160, 0x000000000f8142b0]
Event: 6.508 Thread 0x0000000006ce5800 2394       3       com.jme3.scene.Spatial::checkCulling (139 bytes)
Event: 6.508 Thread 0x0000000006ce2000 2403 % !   4       java.io.BufferedReader::readLine @ 131 (304 bytes)
Event: 6.508 Thread 0x0000000006ce5800 nmethod 2394 0x000000000f814350 code [0x000000000f814560, 0x000000000f815058]
Event: 6.508 Thread 0x0000000006ce5800 2391       1       com.jme3.renderer.ViewPort::getQueue (5 bytes)
Event: 6.509 Thread 0x0000000006ce5800 nmethod 2391 0x000000000f815390 code [0x000000000f8154e0, 0x000000000f8155f0]
Event: 6.509 Thread 0x0000000006ce5800 2404       3       java.util.Collections$UnmodifiableCollection$1::next (10 bytes)
Event: 6.509 Thread 0x0000000006ce5800 nmethod 2404 0x000000000f815650 code [0x000000000f8157c0, 0x000000000f8159e8]
Event: 6.548 Thread 0x0000000006ce2000 nmethod 2403% 0x000000000f81a010 code [0x000000000f81a1e0, 0x000000000f81b920]

GC Heap History (10 events):
Event: 3.154 GC heap before
{Heap before GC invocations=4 (full 0):
 PSYoungGen      total 28672K, used 27275K [0x00000000e0780000, 0x00000000e3f80000, 0x0000000100000000)
  eden space 24576K, 94% used [0x00000000e0780000,0x00000000e1e24cf8,0x00000000e1f80000)
  from space 4096K, 99% used [0x00000000e1f80000,0x00000000e237e0a0,0x00000000e2380000)
  to   space 4096K, 0% used [0x00000000e3b80000,0x00000000e3b80000,0x00000000e3f80000)
 ParOldGen       total 65536K, used 10131K [0x00000000a1600000, 0x00000000a5600000, 0x00000000e0780000)
  object space 65536K, 15% used [0x00000000a1600000,0x00000000a1fe4c48,0x00000000a5600000)
 Metaspace       used 17100K, capacity 17295K, committed 17664K, reserved 1064960K
  class space    used 1637K, capacity 1729K, committed 1792K, reserved 1048576K
Event: 3.162 GC heap after
Heap after GC invocations=4 (full 0):
 PSYoungGen      total 53248K, used 4089K [0x00000000e0780000, 0x00000000e3f80000, 0x0000000100000000)
  eden space 49152K, 0% used [0x00000000e0780000,0x00000000e0780000,0x00000000e3780000)
  from space 4096K, 99% used [0x00000000e3b80000,0x00000000e3f7e7c0,0x00000000e3f80000)
  to   space 4096K, 0% used [0x00000000e3780000,0x00000000e3780000,0x00000000e3b80000)
 ParOldGen       total 65536K, used 10443K [0x00000000a1600000, 0x00000000a5600000, 0x00000000e0780000)
  object space 65536K, 15% used [0x00000000a1600000,0x00000000a2032c48,0x00000000a5600000)
 Metaspace       used 17100K, capacity 17295K, committed 17664K, reserved 1064960K
  class space    used 1637K, capacity 1729K, committed 1792K, reserved 1048576K
}
Event: 3.433 GC heap before
{Heap before GC invocations=5 (full 0):
 PSYoungGen      total 53248K, used 53241K [0x00000000e0780000, 0x00000000e3f80000, 0x0000000100000000)
  eden space 49152K, 100% used [0x00000000e0780000,0x00000000e3780000,0x00000000e3780000)
  from space 4096K, 99% used [0x00000000e3b80000,0x00000000e3f7e7c0,0x00000000e3f80000)
  to   space 4096K, 0% used [0x00000000e3780000,0x00000000e3780000,0x00000000e3b80000)
 ParOldGen       total 65536K, used 10443K [0x00000000a1600000, 0x00000000a5600000, 0x00000000e0780000)
  object space 65536K, 15% used [0x00000000a1600000,0x00000000a2032c48,0x00000000a5600000)
 Metaspace       used 17138K, capacity 17359K, committed 17664K, reserved 1064960K
  class space    used 1637K, capacity 1729K, committed 1792K, reserved 1048576K
Event: 3.451 GC heap after
Heap after GC invocations=5 (full 0):
 PSYoungGen      total 53248K, used 4093K [0x00000000e0780000, 0x00000000e8280000, 0x0000000100000000)
  eden space 49152K, 0% used [0x00000000e0780000,0x00000000e0780000,0x00000000e3780000)
  from space 4096K, 99% used [0x00000000e3780000,0x00000000e3b7f5b8,0x00000000e3b80000)
  to   space 13824K, 0% used [0x00000000e7500000,0x00000000e7500000,0x00000000e8280000)
 ParOldGen       total 65536K, used 18799K [0x00000000a1600000, 0x00000000a5600000, 0x00000000e0780000)
  object space 65536K, 28% used [0x00000000a1600000,0x00000000a285bca8,0x00000000a5600000)
 Metaspace       used 17138K, capacity 17359K, committed 17664K, reserved 1064960K
  class space    used 1637K, capacity 1729K, committed 1792K, reserved 1048576K
}
Event: 3.810 GC heap before
{Heap before GC invocations=6 (full 0):
 PSYoungGen      total 53248K, used 53245K [0x00000000e0780000, 0x00000000e8280000, 0x0000000100000000)
  eden space 49152K, 100% used [0x00000000e0780000,0x00000000e3780000,0x00000000e3780000)
  from space 4096K, 99% used [0x00000000e3780000,0x00000000e3b7f5b8,0x00000000e3b80000)
  to   space 13824K, 0% used [0x00000000e7500000,0x00000000e7500000,0x00000000e8280000)
 ParOldGen       total 65536K, used 18799K [0x00000000a1600000, 0x00000000a5600000, 0x00000000e0780000)
  object space 65536K, 28% used [0x00000000a1600000,0x00000000a285bca8,0x00000000a5600000)
 Metaspace       used 17348K, capacity 17615K, committed 17920K, reserved 1064960K
  class space    used 1638K, capacity 1729K, committed 1792K, reserved 1048576K
Event: 3.829 GC heap after
Heap after GC invocations=6 (full 0):
 PSYoungGen      total 111104K, used 10821K [0x00000000e0780000, 0x00000000e8480000, 0x0000000100000000)
  eden space 97280K, 0% used [0x00000000e0780000,0x00000000e0780000,0x00000000e6680000)
  from space 13824K, 78% used [0x00000000e7500000,0x00000000e7f91430,0x00000000e8280000)
  to   space 14848K, 0% used [0x00000000e6680000,0x00000000e6680000,0x00000000e7500000)
 ParOldGen       total 65536K, used 18799K [0x00000000a1600000, 0x00000000a5600000, 0x00000000e0780000)
  object space 65536K, 28% used [0x00000000a1600000,0x00000000a285bca8,0x00000000a5600000)
 Metaspace       used 17348K, capacity 17615K, committed 17920K, reserved 1064960K
  class space    used 1638K, capacity 1729K, committed 1792K, reserved 1048576K
}
Event: 6.118 GC heap before
{Heap before GC invocations=7 (full 0):
 PSYoungGen      total 111104K, used 99184K [0x00000000e0780000, 0x00000000e8480000, 0x0000000100000000)
  eden space 97280K, 90% used [0x00000000e0780000,0x00000000e5dcae68,0x00000000e6680000)
  from space 13824K, 78% used [0x00000000e7500000,0x00000000e7f91430,0x00000000e8280000)
  to   space 14848K, 0% used [0x00000000e6680000,0x00000000e6680000,0x00000000e7500000)
 ParOldGen       total 65536K, used 18799K [0x00000000a1600000, 0x00000000a5600000, 0x00000000e0780000)
  object space 65536K, 28% used [0x00000000a1600000,0x00000000a285bca8,0x00000000a5600000)
 Metaspace       used 20886K, capacity 21071K, committed 21296K, reserved 1069056K
  class space    used 2053K, capacity 2113K, committed 2176K, reserved 1048576K
Event: 6.146 GC heap after
Heap after GC invocations=7 (full 0):
 PSYoungGen      total 112128K, used 14844K [0x00000000e0780000, 0x00000000eea80000, 0x0000000100000000)
  eden space 97280K, 0% used [0x00000000e0780000,0x00000000e0780000,0x00000000e6680000)
  from space 14848K, 99% used [0x00000000e6680000,0x00000000e74ff168,0x00000000e7500000)
  to   space 18944K, 0% used [0x00000000ed800000,0x00000000ed800000,0x00000000eea80000)
 ParOldGen       total 65536K, used 22182K [0x00000000a1600000, 0x00000000a5600000, 0x00000000e0780000)
  object space 65536K, 33% used [0x00000000a1600000,0x00000000a2ba9a68,0x00000000a5600000)
 Metaspace       used 20886K, capacity 21071K, committed 21296K, reserved 1069056K
  class space    used 2053K, capacity 2113K, committed 2176K, reserved 1048576K
}
Event: 6.146 GC heap before
{Heap before GC invocations=8 (full 1):
 PSYoungGen      total 112128K, used 14844K [0x00000000e0780000, 0x00000000eea80000, 0x0000000100000000)
  eden space 97280K, 0% used [0x00000000e0780000,0x00000000e0780000,0x00000000e6680000)
  from space 14848K, 99% used [0x00000000e6680000,0x00000000e74ff168,0x00000000e7500000)
  to   space 18944K, 0% used [0x00000000ed800000,0x00000000ed800000,0x00000000eea80000)
 ParOldGen       total 65536K, used 22182K [0x00000000a1600000, 0x00000000a5600000, 0x00000000e0780000)
  object space 65536K, 33% used [0x00000000a1600000,0x00000000a2ba9a68,0x00000000a5600000)
 Metaspace       used 20886K, capacity 21071K, committed 21296K, reserved 1069056K
  class space    used 2053K, capacity 2113K, committed 2176K, reserved 1048576K
Event: 6.200 GC heap after
Heap after GC invocations=8 (full 1):
 PSYoungGen      total 112128K, used 0K [0x00000000e0780000, 0x00000000eea80000, 0x0000000100000000)
  eden space 97280K, 0% used [0x00000000e0780000,0x00000000e0780000,0x00000000e6680000)
  from space 14848K, 0% used [0x00000000e6680000,0x00000000e6680000,0x00000000e7500000)
  to   space 18944K, 0% used [0x00000000ed800000,0x00000000ed800000,0x00000000eea80000)
 ParOldGen       total 49152K, used 9629K [0x00000000a1600000, 0x00000000a4600000, 0x00000000e0780000)
  object space 49152K, 19% used [0x00000000a1600000,0x00000000a1f67568,0x00000000a4600000)
 Metaspace       used 20886K, capacity 21071K, committed 21296K, reserved 1069056K
  class space    used 2053K, capacity 2113K, committed 2176K, reserved 1048576K
}

Deoptimization events (10 events):
Event: 4.926 Thread 0x0000000002332800 Uncommon trap: reason=class_check action=maybe_recompile pc=0x000000000f3a11d8 method=java.util.regex.Matcher.search(I)Z @ 86
Event: 4.926 Thread 0x0000000002332800 Uncommon trap: reason=class_check action=maybe_recompile pc=0x000000000f3a11d8 method=java.util.regex.Matcher.search(I)Z @ 86
Event: 4.926 Thread 0x0000000002332800 Uncommon trap: reason=class_check action=maybe_recompile pc=0x000000000f3a11d8 method=java.util.regex.Matcher.search(I)Z @ 86
Event: 4.926 Thread 0x0000000002332800 Uncommon trap: reason=unstable_if action=reinterpret pc=0x000000000f6de0ec method=java.lang.ClassLoader.checkName(Ljava/lang/String;)Z @ 20
Event: 5.150 Thread 0x0000000002332800 Uncommon trap: reason=predicate action=maybe_recompile pc=0x000000000f652b98 method=java.util.ArrayList.indexOf(Ljava/lang/Object;)I @ 44
Event: 5.151 Thread 0x0000000002332800 Uncommon trap: reason=predicate action=maybe_recompile pc=0x000000000f59b5e8 method=java.util.ArrayList.indexOf(Ljava/lang/Object;)I @ 44
Event: 5.238 Thread 0x0000000002332800 Uncommon trap: reason=unstable_if action=reinterpret pc=0x000000000f69bed4 method=java.util.Formatter$FormatSpecifier.printDateTime(Ljava/lang/Object;Ljava/util/Locale;)V @ 17
Event: 5.776 Thread 0x0000000002332800 Uncommon trap: reason=unstable_if action=reinterpret pc=0x000000000f558414 method=javax.imageio.stream.MemoryCache.loadFromStream(Ljava/io/InputStream;J)J @ 123
Event: 6.487 Thread 0x0000000002332800 Uncommon trap: reason=unstable_if action=reinterpret pc=0x000000000f7acdbc method=java.util.ArrayList.remove(I)Ljava/lang/Object; @ 31
Event: 6.518 Thread 0x0000000002332800 Uncommon trap: reason=null_check action=make_not_entrant pc=0x000000000f4ffca0 method=java.lang.Integer.equals(Ljava/lang/Object;)Z @ 1

Internal exceptions (10 events):
Event: 2.623 Thread 0x0000000002332800 Implicit null exception at 0x000000000f46e47b to 0x000000000f46e6b5
Event: 4.608 Thread 0x0000000002332800 Exception <a 'java/lang/NoClassDefFoundError': org/slf4j/Logger> (0x00000000e1f254a0) thrown at [C:\re\workspace\8-2-build-windows-amd64-cygwin\jdk8u91\6644\hotspot\src\share\vm\classfile\systemDictionary.cpp, line 199]
Event: 4.649 Thread 0x0000000002332800 Implicit null exception at 0x000000000f567437 to 0x000000000f567925
Event: 4.649 Thread 0x0000000002332800 Implicit null exception at 0x000000000f566594 to 0x000000000f566aa1
Event: 4.757 Thread 0x0000000002332800 Exception <a 'java/lang/ClassNotFoundException': sun/net/www/protocol/d/Handler> (0x00000000e23a96c0) thrown at [C:\re\workspace\8-2-build-windows-amd64-cygwin\jdk8u91\6644\hotspot\src\share\vm\classfile\systemDictionary.cpp, line 210]
Event: 4.759 Thread 0x0000000002332800 Exception <a 'sun/nio/fs/WindowsException'> (0x00000000e23b2cf8) thrown at [C:\re\workspace\8-2-build-windows-amd64-cygwin\jdk8u91\6644\hotspot\src\share\vm\prims\jni.cpp, line 709]
Event: 4.882 Thread 0x0000000002332800 Exception <a 'sun/nio/fs/WindowsException'> (0x00000000e24d28e8) thrown at [C:\re\workspace\8-2-build-windows-amd64-cygwin\jdk8u91\6644\hotspot\src\share\vm\prims\jni.cpp, line 709]
Event: 5.237 Thread 0x0000000002332800 Exception <a 'java/net/BindException': Address already in use: bind> (0x00000000e2b08230) thrown at [C:\re\workspace\8-2-build-windows-amd64-cygwin\jdk8u91\6644\hotspot\src\share\vm\prims\jni.cpp, line 735]
Event: 5.281 Thread 0x0000000002332800 Exception <a 'sun/nio/fs/WindowsException'> (0x00000000e2b389f8) thrown at [C:\re\workspace\8-2-build-windows-amd64-cygwin\jdk8u91\6644\hotspot\src\share\vm\prims\jni.cpp, line 709]
Event: 6.518 Thread 0x0000000002332800 Implicit null exception at 0x000000000f4ffc4c to 0x000000000f4ffc91

Events (10 events):
Event: 6.512 loading class com/jme3/shader/Uniform done
Event: 6.513 loading class com/jme3/shader/ShaderVariable
Event: 6.513 loading class com/jme3/shader/ShaderVariable done
Event: 6.514 loading class com/jme3/shader/UniformBindingManager$1
Event: 6.514 loading class com/jme3/shader/UniformBindingManager$1 done
Event: 6.515 loading class com/jme3/shader/Uniform$1
Event: 6.515 loading class com/jme3/shader/Uniform$1 done
Event: 6.518 Thread 0x0000000002332800 Uncommon trap: trap_request=0xfffffff4 fr.pc=0x000000000f4ffca0
Event: 6.518 Thread 0x0000000002332800 DEOPT PACKING pc=0x000000000f4ffca0 sp=0x000000000232ea70
Event: 6.518 Thread 0x0000000002332800 DEOPT UNPACKING pc=0x000000000f05582a sp=0x000000000232ea18 mode 2


Dynamic libraries:
0x00007ff6a2790000 - 0x00007ff6a27c7000 	C:\Program Files\Java\jre1.8.0_91\bin\javaw.exe
0x00007ffa1c5c0000 - 0x00007ffa1c781000 	C:\WINDOWS\SYSTEM32\ntdll.dll
0x00007ffa1c1e0000 - 0x00007ffa1c28d000 	C:\WINDOWS\system32\KERNEL32.DLL
0x00007ffa19060000 - 0x00007ffa19248000 	C:\WINDOWS\system32\KERNELBASE.dll
0x00007ffa1c2f0000 - 0x00007ffa1c397000 	C:\WINDOWS\system32\ADVAPI32.dll
0x00007ffa199c0000 - 0x00007ffa19a5d000 	C:\WINDOWS\system32\msvcrt.dll
0x00007ffa1c290000 - 0x00007ffa1c2eb000 	C:\WINDOWS\system32\sechost.dll
0x00007ffa1c0c0000 - 0x00007ffa1c1dc000 	C:\WINDOWS\system32\RPCRT4.dll
0x00007ffa1a540000 - 0x00007ffa1a696000 	C:\WINDOWS\system32\USER32.dll
0x00007ffa1a170000 - 0x00007ffa1a2f6000 	C:\WINDOWS\system32\GDI32.dll
0x00007ffa14530000 - 0x00007ffa147a4000 	C:\WINDOWS\WinSxS\amd64_microsoft.windows.common-controls_6595b64144ccf1df_6.0.10586.0_none_8c15ae12515e1c22\COMCTL32.dll
0x00007ffa1bd90000 - 0x00007ffa1c00d000 	C:\WINDOWS\system32\combase.dll
0x00007ffa19300000 - 0x00007ffa1936a000 	C:\WINDOWS\system32\bcryptPrimitives.dll
0x00007ffa19a60000 - 0x00007ffa19a9b000 	C:\WINDOWS\system32\IMM32.DLL
0x00007ffa18ad0000 - 0x00007ffa18b01000 	C:\WINDOWS\system32\nvinitx.dll
0x00007ffa18ac0000 - 0x00007ffa18aca000 	C:\WINDOWS\SYSTEM32\VERSION.dll
0x000000000f000000 - 0x000000000f006000 	C:\Program Files\NVIDIA Corporation\CoProcManager\_etoured.dll
0x00007ffa15150000 - 0x00007ffa15182000 	C:\Program Files\NVIDIA Corporation\CoProcManager\nvd3d9wrapx.dll
0x00007ffa19c50000 - 0x00007ffa1a079000 	C:\WINDOWS\system32\SETUPAPI.dll
0x00007ffa19010000 - 0x00007ffa19053000 	C:\WINDOWS\system32\CFGMGR32.dll
0x00007ffa14c90000 - 0x00007ffa14cb2000 	C:\Program Files\NVIDIA Corporation\CoProcManager\nvdxgiwrapx.dll
0x000000006a630000 - 0x000000006a702000 	C:\Program Files\Java\jre1.8.0_91\bin\msvcr100.dll
0x0000000068f50000 - 0x00000000697e3000 	C:\Program Files\Java\jre1.8.0_91\bin\server\jvm.dll
0x00007ffa1bd80000 - 0x00007ffa1bd88000 	C:\WINDOWS\system32\PSAPI.DLL
0x00007ffa16de0000 - 0x00007ffa16e03000 	C:\WINDOWS\SYSTEM32\WINMM.dll
0x00007ffa0af80000 - 0x00007ffa0af89000 	C:\WINDOWS\SYSTEM32\WSOCK32.dll
0x00007ffa1a460000 - 0x00007ffa1a4cb000 	C:\WINDOWS\system32\WS2_32.dll
0x00000000020a0000 - 0x00000000020cc000 	C:\WINDOWS\SYSTEM32\WINMMBASE.dll
0x0000000068e60000 - 0x0000000068e6f000 	C:\Program Files\Java\jre1.8.0_91\bin\verify.dll
0x0000000068e30000 - 0x0000000068e59000 	C:\Program Files\Java\jre1.8.0_91\bin\java.dll
0x0000000068de0000 - 0x0000000068df6000 	C:\Program Files\Java\jre1.8.0_91\bin\zip.dll
0x00007ffa1a7c0000 - 0x00007ffa1bd1c000 	C:\WINDOWS\system32\SHELL32.dll
0x00007ffa19370000 - 0x00007ffa199b4000 	C:\WINDOWS\system32\windows.storage.dll
0x00007ffa1c560000 - 0x00007ffa1c5b2000 	C:\WINDOWS\system32\shlwapi.dll
0x00007ffa18be0000 - 0x00007ffa18bef000 	C:\WINDOWS\system32\kernel.appcore.dll
0x00007ffa18e40000 - 0x00007ffa18ef5000 	C:\WINDOWS\system32\shcore.dll
0x00007ffa18c20000 - 0x00007ffa18c6b000 	C:\WINDOWS\system32\powrprof.dll
0x00007ffa18bf0000 - 0x00007ffa18c04000 	C:\WINDOWS\system32\profapi.dll
0x00007ffa18510000 - 0x00007ffa18527000 	C:\WINDOWS\SYSTEM32\CRYPTSP.dll
0x00007ffa181a0000 - 0x00007ffa181d4000 	C:\WINDOWS\system32\rsaenh.dll
0x00007ffa18b10000 - 0x00007ffa18b39000 	C:\WINDOWS\SYSTEM32\bcrypt.dll
0x00007ffa182f0000 - 0x00007ffa1830f000 	C:\WINDOWS\SYSTEM32\USERENV.dll
0x00007ffa18630000 - 0x00007ffa1863b000 	C:\WINDOWS\SYSTEM32\CRYPTBASE.dll
0x0000000068dc0000 - 0x0000000068dda000 	C:\Program Files\Java\jre1.8.0_91\bin\net.dll
0x00007ffa18460000 - 0x00007ffa184bc000 	C:\WINDOWS\system32\mswsock.dll
0x00007ffa150f0000 - 0x00007ffa15128000 	C:\WINDOWS\SYSTEM32\IPHLPAPI.DLL
0x00007ffa1a7b0000 - 0x00007ffa1a7b8000 	C:\WINDOWS\system32\NSI.dll
0x00007ffa11570000 - 0x00007ffa11586000 	C:\WINDOWS\SYSTEM32\dhcpcsvc6.DLL
0x00007ffa11210000 - 0x00007ffa1122a000 	C:\WINDOWS\SYSTEM32\dhcpcsvc.DLL
0x0000000068da0000 - 0x0000000068db1000 	C:\Program Files\Java\jre1.8.0_91\bin\nio.dll
0x00007ffa0a7e0000 - 0x00007ffa0a805000 	C:\Users\Chiel\AppData\Local\Temp\jna-65078315\jna5368360456201355121.dll
0x00007ffa06d90000 - 0x00007ffa06ddf000 	C:\Users\Chiel\AppData\Local\Temp\jna-65078315\jna525979158988458067.dll
0x00007ffa175b0000 - 0x00007ffa175d7000 	C:\WINDOWS\SYSTEM32\DEVOBJ.dll
0x00007ffa18f00000 - 0x00007ffa18f55000 	C:\WINDOWS\system32\WINTRUST.dll
0x00007ffa18c10000 - 0x00007ffa18c20000 	C:\WINDOWS\system32\MSASN1.dll
0x00007ffa18c70000 - 0x00007ffa18e38000 	C:\WINDOWS\system32\CRYPT32.dll
0x000000006a490000 - 0x000000006a628000 	C:\Program Files\Java\jre1.8.0_91\bin\awt.dll
0x00007ffa1a0a0000 - 0x00007ffa1a161000 	C:\WINDOWS\system32\OLEAUT32.dll
0x00007ffa17380000 - 0x00007ffa173f9000 	C:\WINDOWS\system32\apphelp.dll
0x00007ffa14a70000 - 0x00007ffa14a92000 	C:\WINDOWS\system32\DWMAPI.DLL
0x00007ffa17510000 - 0x00007ffa175a6000 	C:\WINDOWS\system32\uxtheme.dll
0x00007ffa1a300000 - 0x00007ffa1a45a000 	C:\WINDOWS\system32\MSCTF.dll
0x00007ffa1c410000 - 0x00007ffa1c553000 	C:\WINDOWS\system32\ole32.dll
0x00007ff9fdc00000 - 0x00007ff9fdcd7000 	D:\TU Delft\2015-2016\Contextproject\eclipse\ContextProject-MIGI2\OpenAL.dll
0x00007ffa0b340000 - 0x00007ffa0b37a000 	D:\TU Delft\2015-2016\Contextproject\eclipse\ContextProject-MIGI2\glfw.dll
0x00007ffa0b270000 - 0x00007ffa0b2a6000 	D:\TU Delft\2015-2016\Contextproject\eclipse\ContextProject-MIGI2\jemalloc.dll
0x00007ff9ff970000 - 0x00007ff9ffa24000 	D:\TU Delft\2015-2016\Contextproject\eclipse\ContextProject-MIGI2\lwjgl.dll
0x00007ffa08140000 - 0x00007ffa08181000 	C:\WINDOWS\SYSTEM32\dinput8.dll
0x00007ffa16eb0000 - 0x00007ffa16ebe000 	C:\WINDOWS\SYSTEM32\xinput1_4.dll
0x00007ff9fbff0000 - 0x00007ff9fc119000 	C:\WINDOWS\SYSTEM32\opengl32.dll
0x00007ff9fcf40000 - 0x00007ff9fd03a000 	C:\WINDOWS\SYSTEM32\DDRAW.dll
0x00007ffa0b310000 - 0x00007ffa0b33e000 	C:\WINDOWS\SYSTEM32\GLU32.dll
0x00007ffa15ed0000 - 0x00007ffa15ed8000 	C:\WINDOWS\SYSTEM32\DCIMAN32.dll
0x00007ffa17b80000 - 0x00007ffa17b8c000 	C:\WINDOWS\SYSTEM32\HID.DLL
0x0000000066ed0000 - 0x0000000068c19000 	C:\WINDOWS\SYSTEM32\nvoglv64.DLL
0x00007ffa166b0000 - 0x00007ffa166c3000 	C:\WINDOWS\SYSTEM32\WTSAPI32.dll
0x00007ffa18080000 - 0x00007ffa180b1000 	C:\WINDOWS\SYSTEM32\ntmarta.dll
0x00007ffa189c0000 - 0x00007ffa18a16000 	C:\WINDOWS\SYSTEM32\WINSTA.dll
0x00007ffa103b0000 - 0x00007ffa11000000 	C:\WINDOWS\system32\igd10umd64.dll
0x00007ffa1c010000 - 0x00007ffa1c0b7000 	C:\WINDOWS\system32\clbcatq.dll
0x00007ffa13ca0000 - 0x00007ffa13d10000 	C:\WINDOWS\System32\MMDevApi.dll
0x00007ffa16940000 - 0x00007ffa16ac6000 	C:\WINDOWS\System32\PROPSYS.dll
0x00007ff9ff070000 - 0x00007ff9ff10c000 	C:\WINDOWS\SYSTEM32\dsound.dll
0x00007ffa02000000 - 0x00007ffa02088000 	C:\WINDOWS\SYSTEM32\AUDIOSES.DLL
0x00007ffa125b0000 - 0x00007ffa126e6000 	C:\WINDOWS\SYSTEM32\wintypes.dll
0x0000000068c20000 - 0x0000000068c2d000 	C:\Program Files\Java\jre1.8.0_91\bin\management.dll
0x000000006a450000 - 0x000000006a481000 	C:\Program Files\Java\jre1.8.0_91\bin\jpeg.dll

VM Arguments:
jvm_args: -Dfile.encoding=UTF-8 
java_command: nl.tudelft.contextproject.Main --hideQR --enableMouse
java_class_path (initial): D:\TU Delft\2015-2016\Contextproject\eclipse\ContextProject-MIGI2\target\classes;C:\Users\Chiel\.m2\repository\org\projectlombok\lombok\1.16.8\lombok-1.16.8.jar;C:\Users\Chiel\.m2\repository\org\mockito\mockito-all\2.0.2-beta\mockito-all-2.0.2-beta.jar;C:\Users\Chiel\.m2\repository\org\json\json\20150729\json-20150729.jar;C:\Users\Chiel\.m2\repository\com\jme3\vr\jme3-blender\3.1.0-SNAPSHOT\jme3-blender-3.1.0-SNAPSHOT.jar;C:\Users\Chiel\.m2\repository\com\jme3\vr\jme3-core\3.1.0-SNAPSHOT\jme3-core-3.1.0-SNAPSHOT.jar;C:\Users\Chiel\.m2\repository\com\jme3\vr\jme3-desktop\3.1.0-SNAPSHOT\jme3-desktop-3.1.0-SNAPSHOT.jar;C:\Users\Chiel\.m2\repository\com\jme3\vr\jme3-effects\3.1.0-SNAPSHOT\jme3-effects-3.1.0-SNAPSHOT.jar;C:\Users\Chiel\.m2\repository\com\jme3\vr\jme3-jogg\3.1.0-SNAPSHOT\jme3-jogg-3.1.0-SNAPSHOT.jar;C:\Users\Chiel\.m2\repository\org\jogg\j-ogg-all\1.0.0\j-ogg-all-1.0.0.jar;C:\Users\Chiel\.m2\repository\com\jme3\vr\jme3-lwjgl3\3.1.0-SNAPSHOT\jme3-lwjgl3-3.1.0-SNAPSHOT.jar;C:\Users\Chiel\.m2\repository\org\lwjgl\lwjgl3\3.0.0\lwjgl3-3.0.0.jar;C:\Users\Chiel\.m2\repository\org\lwjgl\lwjgl3-natives\3.0.0\lwjgl3-natives-3.0.0.jar;C:\Users\Chiel\.m2\repository\com\jme3\vr\jme3-plugins\3.1.0-SNAPSHOT\jme3-plugins-3.1.0-SNAPSHOT.jar;C:\Users\Chiel\.m2\repository\com\jme3\vr\JMonkeyVR\3.1.0-SNAPSHOT\JMonkeyVR-3.1.0-SNAPSHOT.jar;C:\Users\Chiel\.m2\repository\com\sun\jna\4.2.1\jna-4.2.1.jar;C:\Users\Chiel\.m2\repository\com\jme3\vr\jme3-jbullet\3.1.0-SNAPSHOT\jme3-jbullet-3.1.0-SNAPSHOT.jar;C:\Users\Chiel\.m2\repository\com\jme3\vr\jme3-terrain\3.1.0-SNAPSHOT\jme3-terrain-3.1.0-SNAPSHOT.jar;C:\Users\Chiel\.m2\repository\javax\vecmath\1.3.1\vecmath-1.3.1.jar;C:\Users\Chiel\.m2\repository\cz\advel\stack\1.0.0\stack-1.0.0.jar;C:\Users\Chiel\.m2\repository\com\bulletphysics\jbullet\3.1.0-SNAPSHOT\jbullet-3.1.0-SNAPSHOT.jar;C:\Users\Chiel\.m2\repository\org\eclipse\jetty\jetty-server\9.3.8.v20160314\jetty-server-9.3.8.v20160314.jar;C:\Users\Ch
Launcher Type: SUN_STANDARD

Environment Variables:
PATH=C:/Program Files/Java/jre1.8.0_91/bin/server;C:/Program Files/Java/jre1.8.0_91/bin;C:/Program Files/Java/jre1.8.0_91/lib/amd64;C:\ProgramData\Oracle\Java\javapath;C:\WINDOWS\system32;C:\WINDOWS;C:\WINDOWS\System32\Wbem;C:\WINDOWS\System32\WindowsPowerShell\v1.0\;C:\WINDOWS\system32\config\systemprofile\.dnx\bin;C:\Program Files\Microsoft DNX\Dnvm\;C:\Program Files\MATLAB\R2015b\runtime\win64;C:\Program Files\MATLAB\R2015b\bin;C:\Program Files (x86)\GtkSharp\2.12\bin;C:\Program Files (x86)\Skype\Phone\;C:\Modeltech_pe_edu_10.4a\win32pe_edu;C:\Users\Chiel\eclipse\java-mars\eclipse;
USERNAME=Chiel
OS=Windows_NT
PROCESSOR_IDENTIFIER=Intel64 Family 6 Model 42 Stepping 7, GenuineIntel



---------------  S Y S T E M  ---------------

OS: Windows 10.0 , 64 bit Build 10586 (10.0.10586.0)

CPU:total 4 (2 cores per cpu, 2 threads per core) family 6 model 42 stepping 7, cmov, cx8, fxsr, mmx, sse, sse2, sse3, ssse3, sse4.1, sse4.2, popcnt, avx, aes, clmul, ht, tsc, tscinvbit

Memory: 4k page, physical 6200008k(1214600k free), swap 6200008k(13520k free)

vm_info: Java HotSpot(TM) 64-Bit Server VM (25.91-b14) for windows-amd64 JRE (1.8.0_91-b14), built on Apr  1 2016 00:58:32 by "java_re" with MS VC++ 10.0 (VS2010)

time: Mon Jun 13 12:38:27 2016
elapsed time: 6 seconds (0d 0h 0m 6s)

